TESTING: /home/joe/Documents/3220/3220_project2/tests/part2/addi.mem
Passed!
TESTING: /home/joe/Documents/3220/3220_project2/tests/part2/add.mem
Passed!
TESTING: /home/joe/Documents/3220/3220_project2/tests/part2/auipc.mem
Passed!
TESTING: /home/joe/Documents/3220/3220_project2/tests/part2/beq.mem
Passed!
TESTING: /home/joe/Documents/3220/3220_project2/tests/part2/bge.mem
Passed!
TESTING: /home/joe/Documents/3220/3220_project2/tests/part2/jal.mem
Passed!
TESTING: /home/joe/Documents/3220/3220_project2/tests/part2/jalr.mem
Passed!
TESTING: /home/joe/Documents/3220/3220_project2/tests/part2/test7.mem
Passed!
TESTING: /home/joe/Documents/3220/3220_project2/tests/part2/test8.mem
Passed!
TESTING: /home/joe/Documents/3220/3220_project2/tests/part2/test9.mem
Passed!
